[    0.000000] Linux version 4.15.0-212-generic (buildd@lcy02-amd64-083) (gcc version 7.5.0 (Ubuntu 7.5.0-3ubuntu1~18.04)) #223-Ubuntu SMP Tue May 23 13:09:22 UTC 2023 (Ubuntu 4.15.0-212.223-generic 4.15.18)
[    0.000000] Command line: BOOT_IMAGE=/boot/vmlinuz-4.15.0-212-generic root=LABEL=cloudimg-rootfs ro console=tty1 console=ttyS0
[    0.000000] KERNEL supported cpus:
[    0.000000]   Intel GenuineIntel
[    0.000000]   AMD AuthenticAMD
[    0.000000]   Centaur CentaurHauls
[    0.000000] x86/fpu: x87 FPU will use FXSAVE
[    0.000000] e820: BIOS-provided physical RAM map:
[    0.000000] BIOS-e820: [mem 0x0000000000000000-0x000000000009fbff] usable
[    0.000000] BIOS-e820: [mem 0x000000000009fc00-0x000000000009ffff] reserved
[    0.000000] BIOS-e820: [mem 0x00000000000f0000-0x00000000000fffff] reserved
[    0.000000] BIOS-e820: [mem 0x0000000000100000-0x00000000dffeffff] usable
[    0.000000] BIOS-e820: [mem 0x00000000dfff0000-0x00000000dfffffff] ACPI data
[    0.000000] BIOS-e820: [mem 0x00000000fec00000-0x00000000fec00fff] reserved
[    0.000000] BIOS-e820: [mem 0x00000000fee00000-0x00000000fee00fff] reserved
[    0.000000] BIOS-e820: [mem 0x00000000fffc0000-0x00000000ffffffff] reserved
[    0.000000] BIOS-e820: [mem 0x0000000100000000-0x000000011fffffff] usable
[    0.000000] NX (Execute Disable) protection: active
[    0.000000] SMBIOS 2.5 present.
[    0.000000] DMI: innotek GmbH VirtualBox/VirtualBox, BIOS VirtualBox 12/01/2006
[    0.000000] Hypervisor detected: KVM
[    0.000000] e820: last_pfn = 0x120000 max_arch_pfn = 0x400000000
[    0.000000] MTRR: Disabled
[    0.000000] x86/PAT: MTRRs disabled, skipping PAT initialization too.
[    0.000000] CPU MTRRs all blank - virtualized system.
[    0.000000] x86/PAT: Configuration [0-7]: WB  WT  UC- UC  WB  WT  UC- UC  
[    0.000000] e820: last_pfn = 0xdfff0 max_arch_pfn = 0x400000000
[    0.000000] found SMP MP-table at [mem 0x0009fff0-0x0009ffff]
[    0.000000] Scanning 1 areas for low memory corruption
[    0.000000] RAMDISK: [mem 0x359cb000-0x36cdcfff]
[    0.000000] ACPI: Early table checksum verification disabled
[    0.000000] ACPI: RSDP 0x00000000000E0000 000024 (v02 VBOX  )
[    0.000000] ACPI: XSDT 0x00000000DFFF0030 00003C (v01 VBOX   VBOXXSDT 00000001 ASL  00000061)
[    0.000000] ACPI: FACP 0x00000000DFFF00F0 0000F4 (v04 VBOX   VBOXFACP 00000001 ASL  00000061)
[    0.000000] ACPI: DSDT 0x00000000DFFF0610 002353 (v02 VBOX   VBOXBIOS 00000002 INTL 20100528)
[    0.000000] ACPI: FACS 0x00000000DFFF0200 000040
[    0.000000] ACPI: FACS 0x00000000DFFF0200 000040
[    0.000000] ACPI: APIC 0x00000000DFFF0240 00005C (v02 VBOX   VBOXAPIC 00000001 ASL  00000061)
[    0.000000] ACPI: SSDT 0x00000000DFFF02A0 00036C (v01 VBOX   VBOXCPUT 00000002 INTL 20100528)
[    0.000000] ACPI: Reserving FACP table memory at [mem 0xdfff00f0-0xdfff01e3]
[    0.000000] ACPI: Reserving DSDT table memory at [mem 0xdfff0610-0xdfff2962]
[    0.000000] ACPI: Reserving FACS table memory at [mem 0xdfff0200-0xdfff023f]
[    0.000000] ACPI: Reserving FACS table memory at [mem 0xdfff0200-0xdfff023f]
[    0.000000] ACPI: Reserving APIC table memory at [mem 0xdfff0240-0xdfff029b]
[    0.000000] ACPI: Reserving SSDT table memory at [mem 0xdfff02a0-0xdfff060b]
[    0.000000] No NUMA configuration found
[    0.000000] Faking a node at [mem 0x0000000000000000-0x000000011fffffff]
[    0.000000] NODE_DATA(0) allocated [mem 0x11ffd1000-0x11fffbfff]
[    0.000000] kvm-clock: cpu 0, msr 1:1ff50001, primary cpu clock
[    0.000000] kvm-clock: Using msrs 4b564d01 and 4b564d00
[    0.000000] kvm-clock: using sched offset of 3721667992 cycles
[    0.000000] clocksource: kvm-clock: mask: 0xffffffffffffffff max_cycles: 0x1cd42e4dffb, max_idle_ns: 881590591483 ns
[    0.000000] Zone ranges:
[    0.000000]   DMA      [mem 0x0000000000001000-0x0000000000ffffff]
[    0.000000]   DMA32    [mem 0x0000000001000000-0x00000000ffffffff]
[    0.000000]   Normal   [mem 0x0000000100000000-0x000000011fffffff]
[    0.000000]   Device   empty
[    0.000000] Movable zone start for each node
[    0.000000] Early memory node ranges
[    0.000000]   node   0: [mem 0x0000000000001000-0x000000000009efff]
[    0.000000]   node   0: [mem 0x0000000000100000-0x00000000dffeffff]
[    0.000000]   node   0: [mem 0x0000000100000000-0x000000011fffffff]
[    0.000000] Reserved but unavailable: 104 pages
[    0.000000] Initmem setup node 0 [mem 0x0000000000001000-0x000000011fffffff]
[    0.000000] ACPI: PM-Timer IO Port: 0x4008
[    0.000000] IOAPIC[0]: apic_id 2, version 32, address 0xfec00000, GSI 0-23
[    0.000000] ACPI: INT_SRC_OVR (bus 0 bus_irq 0 global_irq 2 dfl dfl)
[    0.000000] ACPI: INT_SRC_OVR (bus 0 bus_irq 9 global_irq 9 low level)
[    0.000000] Using ACPI (MADT) for SMP configuration information
[    0.000000] smpboot: Allowing 2 CPUs, 0 hotplug CPUs
[    0.000000] PM: Registered nosave memory: [mem 0x00000000-0x00000fff]
[    0.000000] PM: Registered nosave memory: [mem 0x0009f000-0x0009ffff]
[    0.000000] PM: Registered nosave memory: [mem 0x000a0000-0x000effff]
[    0.000000] PM: Registered nosave memory: [mem 0x000f0000-0x000fffff]
[    0.000000] PM: Registered nosave memory: [mem 0xdfff0000-0xdfffffff]
[    0.000000] PM: Registered nosave memory: [mem 0xe0000000-0xfebfffff]
[    0.000000] PM: Registered nosave memory: [mem 0xfec00000-0xfec00fff]
[    0.000000] PM: Registered nosave memory: [mem 0xfec01000-0xfedfffff]
[    0.000000] PM: Registered nosave memory: [mem 0xfee00000-0xfee00fff]
[    0.000000] PM: Registered nosave memory: [mem 0xfee01000-0xfffbffff]
[    0.000000] PM: Registered nosave memory: [mem 0xfffc0000-0xffffffff]
[    0.000000] e820: [mem 0xe0000000-0xfebfffff] available for PCI devices
[    0.000000] Booting paravirtualized kernel on KVM
[    0.000000] clocksource: refined-jiffies: mask: 0xffffffff max_cycles: 0xffffffff, max_idle_ns: 7645519600211568 ns
[    0.000000] setup_percpu: NR_CPUS:8192 nr_cpumask_bits:2 nr_cpu_ids:2 nr_node_ids:1
[    0.000000] percpu: Embedded 50 pages/cpu s167936 r8192 d28672 u1048576
[    0.000000] PV qspinlock hash table entries: 256 (order: 0, 4096 bytes)
[    0.000000] Built 1 zonelists, mobility grouping on.  Total pages: 1032057
[    0.000000] Policy zone: Normal
[    0.000000] Kernel command line: BOOT_IMAGE=/boot/vmlinuz-4.15.0-212-generic root=LABEL=cloudimg-rootfs ro console=tty1 console=ttyS0
[    0.000000] Memory: 4013252K/4193848K available (12300K kernel code, 2477K rwdata, 4324K rodata, 2480K init, 2720K bss, 180596K reserved, 0K cma-reserved)
[    0.000000] SLUB: HWalign=64, Order=0-3, MinObjects=0, CPUs=2, Nodes=1
[    0.000000] ftrace: allocating 39508 entries in 155 pages
[    0.004000] Hierarchical RCU implementation.
[    0.004000] 	RCU restricting CPUs from NR_CPUS=8192 to nr_cpu_ids=2.
[    0.004000] 	Tasks RCU enabled.
[    0.004000] RCU: Adjusting geometry for rcu_fanout_leaf=16, nr_cpu_ids=2
[    0.004000] NR_IRQS: 524544, nr_irqs: 440, preallocated irqs: 16
[    0.004000] random: crng init done
[    0.004000] Console: colour VGA+ 80x25
[    0.004000] console [tty1] enabled
[    0.004000] console [ttyS0] enabled
[    0.004000] ACPI: Core revision 20170831
[    0.004000] ACPI: 2 ACPI AML tables successfully acquired and loaded
[    0.004000] APIC: Switch to symmetric I/O mode setup
[    0.004000] ..TIMER: vector=0x30 apic1=0 pin1=2 apic2=-1 pin2=-1
[    0.004004] tsc: Detected 2496.006 MHz processor
[    0.008008] Calibrating delay loop (skipped) preset value.. 4992.01 BogoMIPS (lpj=9984024)
[    0.012002] pid_max: default: 32768 minimum: 301
[    0.015479] Security Framework initialized
[    0.016002] Yama: becoming mindful.
[    0.020085] AppArmor: AppArmor initialized
[    0.038397] Dentry cache hash table entries: 524288 (order: 10, 4194304 bytes)
[    0.047370] Inode-cache hash table entries: 262144 (order: 9, 2097152 bytes)
[    0.052218] Mount-cache hash table entries: 8192 (order: 4, 65536 bytes)
[    0.056210] Mountpoint-cache hash table entries: 8192 (order: 4, 65536 bytes)
[    0.064126] Last level iTLB entries: 4KB 64, 2MB 8, 4MB 8
[    0.068000] Last level dTLB entries: 4KB 64, 2MB 0, 4MB 0, 1GB 4
[    0.068004] Spectre V1 : Mitigation: usercopy/swapgs barriers and __user pointer sanitization
[    0.072003] Spectre V2 : Mitigation: Enhanced IBRS
[    0.076002] Spectre V2 : Spectre v2 / SpectreRSB mitigation: Filling RSB on context switch
[    0.080002] Spectre V2 : Spectre v2 / PBRSB-eIBRS: Retire a single CALL on VMEXIT
[    0.084002] RETBleed: Mitigation: Enhanced IBRS
[    0.088002] Speculative Store Bypass: Vulnerable
[    0.092044] MMIO Stale Data: Vulnerable: Clear CPU buffers attempted, no microcode
[    0.096002] SRBDS: Unknown: Dependent on hypervisor status
[    0.100151] Freeing SMP alternatives memory: 36K
[    0.224306] smpboot: CPU0: Intel(R) Core(TM) i5-10500H CPU @ 2.50GHz (family: 0x6, model: 0xa5, stepping: 0x2)
[    0.228400] Performance Events: unsupported p6 CPU model 165 no PMU driver, software events only.
[    0.236102] Hierarchical SRCU implementation.
[    0.239979] NMI watchdog: Perf event create on CPU 0 failed with -2
[    0.240003] NMI watchdog: Perf NMI watchdog permanently disabled
[    0.244330] smp: Bringing up secondary CPUs ...
[    0.248796] x86: Booting SMP configuration:
[    0.251694] .... node  #0, CPUs:      #1
[    0.004000] kvm-clock: cpu 1, msr 1:1ff50041, secondary cpu clock
[    0.260000] TSC synchronization [CPU#0 -> CPU#1]:
[    0.260000] Measured 43679 cycles TSC warp between CPUs, turning off TSC clock.
[    0.260000] tsc: Marking TSC unstable due to check_tsc_sync_source failed
[    0.264214] smp: Brought up 1 node, 2 CPUs
[    0.268004] smpboot: Max logical packages: 1
[    0.270958] smpboot: Total of 2 processors activated (9984.02 BogoMIPS)
[    0.276492] devtmpfs: initialized
[    0.280057] x86/mm: Memory block size: 128MB
[    0.283885] evm: security.selinux
[    0.284003] evm: security.SMACK64
[    0.288002] evm: security.SMACK64EXEC
[    0.290682] evm: security.SMACK64TRANSMUTE
[    0.292003] evm: security.SMACK64MMAP
[    0.296002] evm: security.apparmor
[    0.298406] evm: security.ima
[    0.300002] evm: security.capability
[    0.304461] clocksource: jiffies: mask: 0xffffffff max_cycles: 0xffffffff, max_idle_ns: 7645041785100000 ns
[    0.308008] futex hash table entries: 512 (order: 3, 32768 bytes)
[    0.316012] pinctrl core: initialized pinctrl subsystem
[    0.320172] RTC time: 15:24:51, date: 01/21/24
[    0.324551] NET: Registered protocol family 16
[    0.328103] audit: initializing netlink subsys (disabled)
[    0.332131] audit: type=2000 audit(1705850697.000:1): state=initialized audit_enabled=0 res=1
[    0.340005] cpuidle: using governor ladder
[    0.342879] cpuidle: using governor menu
[    0.344070] ACPI: bus type PCI registered
[    0.348003] acpiphp: ACPI Hot Plug PCI Controller Driver version: 0.5
[    0.352427] PCI: Using configuration type 1 for base access
[    0.360423] HugeTLB registered 2.00 MiB page size, pre-allocated 0 pages
[    0.368249] ACPI: Added _OSI(Module Device)
[    0.371095] ACPI: Added _OSI(Processor Device)
[    0.372003] ACPI: Added _OSI(3.0 _SCP Extensions)
[    0.376002] ACPI: Added _OSI(Processor Aggregator Device)
[    0.380003] ACPI: Added _OSI(Linux-Dell-Video)
[    0.384003] ACPI: Added _OSI(Linux-Lenovo-NV-HDMI-Audio)
[    0.388003] ACPI: Added _OSI(Linux-HPI-Hybrid-Graphics)
[    0.392731] ACPI: Executed 1 blocks of module-level executable AML code
[    0.403318] ACPI: Interpreter enabled
[    0.404012] ACPI: (supports S0 S5)
[    0.408003] ACPI: Using IOAPIC for interrupt routing
[    0.412344] PCI: Using host bridge windows from ACPI; if necessary, use "pci=nocrs" and report a bug
[    0.416204] ACPI: Enabled 2 GPEs in block 00 to 07
[    0.430542] ACPI: PCI Root Bridge [PCI0] (domain 0000 [bus 00-ff])
[    0.432006] acpi PNP0A03:00: _OSC: OS supports [ASPM ClockPM Segments MSI]
[    0.440569] acpi PNP0A03:00: _OSC: not requesting OS control; OS requires [ExtendedConfig ASPM ClockPM MSI]
[    0.444010] acpi PNP0A03:00: fail to add MMCONFIG information, can't access extended PCI configuration space under this bridge.
[    0.448634] PCI host bridge to bus 0000:00
[    0.452003] pci_bus 0000:00: root bus resource [io  0x0000-0x0cf7 window]
[    0.456003] pci_bus 0000:00: root bus resource [io  0x0d00-0xffff window]
[    0.460003] pci_bus 0000:00: root bus resource [mem 0x000a0000-0x000bffff window]
[    0.464003] pci_bus 0000:00: root bus resource [mem 0xe0000000-0xfdffffff window]
[    0.468003] pci_bus 0000:00: root bus resource [bus 00-ff]
[    0.476665] pci 0000:00:01.1: legacy IDE quirk: reg 0x10: [io  0x01f0-0x01f7]
[    0.480003] pci 0000:00:01.1: legacy IDE quirk: reg 0x14: [io  0x03f6]
[    0.484003] pci 0000:00:01.1: legacy IDE quirk: reg 0x18: [io  0x0170-0x0177]
[    0.488004] pci 0000:00:01.1: legacy IDE quirk: reg 0x1c: [io  0x0376]
[    0.516061] pci 0000:00:07.0: quirk: [io  0x4000-0x403f] claimed by PIIX4 ACPI
[    0.520032] pci 0000:00:07.0: quirk: [io  0x4100-0x410f] claimed by PIIX4 SMB
[    0.532481] ACPI: PCI Interrupt Link [LNKA] (IRQs 5 9 10 *11)
[    0.536472] ACPI: PCI Interrupt Link [LNKB] (IRQs 5 9 *10 11)
[    0.540178] ACPI: PCI Interrupt Link [LNKC] (IRQs 5 *9 10 11)
[    0.544176] ACPI: PCI Interrupt Link [LNKD] (IRQs 5 9 10 *11)
[    0.548687] SCSI subsystem initialized
[    0.552196] pci 0000:00:02.0: vgaarb: setting as boot VGA device
[    0.556000] pci 0000:00:02.0: vgaarb: VGA device added: decodes=io+mem,owns=io+mem,locks=none
[    0.556005] pci 0000:00:02.0: vgaarb: bridge control possible
[    0.560002] vgaarb: loaded
[    0.564072] ACPI: bus type USB registered
[    0.566898] usbcore: registered new interface driver usbfs
[    0.568009] usbcore: registered new interface driver hub
[    0.572010] usbcore: registered new device driver usb
[    0.576209] EDAC MC: Ver: 3.0.0
[    0.580800] PCI: Using ACPI for IRQ routing
[    0.584687] NetLabel: Initializing
[    0.588002] NetLabel:  domain hash size = 128
[    0.592002] NetLabel:  protocols = UNLABELED CIPSOv4 CALIPSO
[    0.596130] NetLabel:  unlabeled traffic allowed by default
[    0.600201] clocksource: Switched to clocksource kvm-clock
[    0.622664] VFS: Disk quotas dquot_6.6.0
[    0.622664] VFS: Dquot-cache hash table entries: 512 (order 0, 4096 bytes)
[    0.622664] AppArmor: AppArmor Filesystem Enabled
[    0.622664] pnp: PnP ACPI init
[    0.622664] pnp: PnP ACPI: found 3 devices
[    0.696583] clocksource: acpi_pm: mask: 0xffffff max_cycles: 0xffffff, max_idle_ns: 2085701024 ns
[    0.700534] NET: Registered protocol family 2
[    0.700534] IP idents hash table entries: 65536 (order: 7, 524288 bytes)
[    0.714322] TCP established hash table entries: 32768 (order: 6, 262144 bytes)
[    0.720527] TCP bind hash table entries: 32768 (order: 7, 524288 bytes)
[    0.723634] TCP: Hash tables configured (established 32768 bind 32768)
[    0.723634] UDP hash table entries: 2048 (order: 4, 65536 bytes)
[    0.723634] UDP-Lite hash table entries: 2048 (order: 4, 65536 bytes)
[    0.723634] NET: Registered protocol family 1
[    0.723634] pci 0000:00:00.0: Limiting direct PCI/PCI transfers
[    0.723634] pci 0000:00:01.0: Activating ISA DMA hang workarounds
[    0.723634] pci 0000:00:02.0: Video device with shadowed ROM at [mem 0x000c0000-0x000dffff]
[    0.723634] Unpacking initramfs...
[    1.167864] Freeing initrd memory: 19528K
[    1.171387] PCI-DMA: Using software bounce buffering for IO (SWIOTLB)
[    1.175839] software IO TLB: mapped [mem 0xdbff0000-0xdfff0000] (64MB)
[    1.180657] clocksource: tsc: mask: 0xffffffffffffffff max_cycles: 0x23fa7cdd331, max_idle_ns: 440795301699 ns
[    1.187527] platform rtc_cmos: registered platform RTC device (no PNP device found)
[    1.193064] Scanning for low memory corruption every 60 seconds
[    1.199092] Initialise system trusted keyrings
[    1.202738] Key type blacklist registered
[    1.206112] workingset: timestamp_bits=36 max_order=20 bucket_order=0
[    1.213890] zbud: loaded
[    1.216964] squashfs: version 4.0 (2009/01/31) Phillip Lougher
[    1.222295] fuse init (API version 7.26)
[    1.249867] Key type asymmetric registered
[    1.253359] Asymmetric key parser 'x509' registered
[    1.256930] Block layer SCSI generic (bsg) driver version 0.4 loaded (major 246)
[    1.262771] io scheduler noop registered
[    1.265710] io scheduler deadline registered
[    1.268818] io scheduler cfq registered (default)
[    1.273137] ACPI: AC Adapter [AC] (on-line)
[    1.276125] input: Power Button as /devices/LNXSYSTM:00/LNXPWRBN:00/input/input0
[    1.281769] ACPI: Power Button [PWRF]
[    1.284683] input: Sleep Button as /devices/LNXSYSTM:00/LNXSLPBN:00/input/input1
[    1.289956] ACPI: Sleep Button [SLPF]
[    1.294439] ACPI: Battery Slot [BAT0] (battery present)
[    1.301756] Serial: 8250/16550 driver, 32 ports, IRQ sharing enabled
[    1.331206] 00:02: ttyS0 at I/O 0x3f8 (irq = 4, base_baud = 115200) is a 16550A
[    1.352269] Linux agpgart interface v0.103
[    1.363672] loop: module loaded
[    1.368736] scsi host0: ata_piix
[    1.371615] scsi host1: ata_piix
[    1.374099] ata1: PATA max UDMA/33 cmd 0x1f0 ctl 0x3f6 bmdma 0xd000 irq 14
[    1.378009] ata2: PATA max UDMA/33 cmd 0x170 ctl 0x376 bmdma 0xd008 irq 15
[    1.384179] tun: Universal TUN/TAP device driver, 1.6
[    1.388292] PPP generic driver version 2.4.2
[    1.391536] ehci_hcd: USB 2.0 'Enhanced' Host Controller (EHCI) Driver
[    1.396167] ehci-pci: EHCI PCI platform driver
[    1.399470] ehci-platform: EHCI generic platform driver
[    1.403430] ohci_hcd: USB 1.1 'Open' Host Controller (OHCI) Driver
[    1.407818] ohci-pci: OHCI PCI platform driver
[    1.411997] ohci-pci 0000:00:06.0: OHCI PCI host controller
[    1.416124] ohci-pci 0000:00:06.0: new USB bus registered, assigned bus number 1
[    1.421859] ohci-pci 0000:00:06.0: irq 22, io mem 0xf0804000
[    1.486075] usb usb1: New USB device found, idVendor=1d6b, idProduct=0001
[    1.488162] usb usb1: New USB device strings: Mfr=3, Product=2, SerialNumber=1
[    1.488162] usb usb1: Product: OHCI PCI host controller
[    1.488162] usb usb1: Manufacturer: Linux 4.15.0-212-generic ohci_hcd
[    1.488162] usb usb1: SerialNumber: 0000:00:06.0
[    1.509389] hub 1-0:1.0: USB hub found
[    1.512347] hub 1-0:1.0: 12 ports detected
[    1.517428] ohci-platform: OHCI generic platform driver
[    1.522138] uhci_hcd: USB Universal Host Controller Interface driver
[    1.526639] i8042: PNP: PS/2 Controller [PNP0303:PS2K,PNP0f03:PS2M] at 0x60,0x64 irq 1,12
[    1.535646] serio: i8042 KBD port at 0x60,0x64 irq 1
[    1.539616] serio: i8042 AUX port at 0x60,0x64 irq 12
[    1.569342] mousedev: PS/2 mouse device common for all mice
[    1.575321] rtc_cmos rtc_cmos: rtc core: registered rtc_cmos as rtc0
[    1.580676] rtc_cmos rtc_cmos: alarms up to one day, 114 bytes nvram
[    1.585967] i2c /dev entries driver
[    1.589313] device-mapper: uevent: version 1.0.3
[    1.593319] device-mapper: ioctl: 4.37.0-ioctl (2017-09-20) initialised: dm-devel@redhat.com
[    1.600441] ledtrig-cpu: registered to indicate activity on CPUs
[    1.606211] input: AT Translated Set 2 keyboard as /devices/platform/i8042/serio0/input/input2
[    1.614043] NET: Registered protocol family 10
[    1.625298] Segment Routing with IPv6
[    1.628270] NET: Registered protocol family 17
[    1.631940] Key type dns_resolver registered
[    1.635936] mce: Using 0 MCE banks
[    1.639160] RAS: Correctable Errors collector initialized.
[    1.643391] sched_clock: Marking stable (1643346009, 0)->(2576759600, -933413591)
[    1.652608] registered taskstats version 1
[    1.655756] Loading compiled-in X.509 certificates
[    1.663748] Loaded X.509 cert 'Build time autogenerated kernel key: b5b26778eaa3ab3a4a6cee031137706e947d12ad'
[    1.672316] Loaded X.509 cert 'Canonical Ltd. Live Patch Signing: 14df34d1a87cf37625abec039ef2bf521249b969'
[    1.679943] Loaded X.509 cert 'Canonical Ltd. Kernel Module Signing: 88f752e560a1e0737e31163a466ad7b70a850c19'
[    1.687715] blacklist: Loading compiled-in revocation X.509 certificates
[    1.692930] Loaded X.509 cert 'Canonical Ltd. Secure Boot Signing: 61482aa2830d0ab2ad5af10b7250da9033ddcef0'
[    1.700416] Loaded X.509 cert 'Canonical Ltd. Secure Boot Signing (2017): 242ade75ac4a15e50d50c84b0d45ff3eae707a03'
[    1.707799] Loaded X.509 cert 'Canonical Ltd. Secure Boot Signing (ESM 2018): 365188c1d374d6b07c3c8f240f8ef722433d6a8b'
[    1.715654] Loaded X.509 cert 'Canonical Ltd. Secure Boot Signing (2019): c0746fd6c5da3ae827864651ad66ae47fe24b3e8'
[    1.723474] Loaded X.509 cert 'Canonical Ltd. Secure Boot Signing (2021 v1): a8d54bbb3825cfb94fa13c9f8a594a195c107b8d'
[    1.731201] Loaded X.509 cert 'Canonical Ltd. Secure Boot Signing (2021 v2): 4cf046892d6fd3c9a5b03f98d845f90851dc6a8c'
[    1.739110] Loaded X.509 cert 'Canonical Ltd. Secure Boot Signing (2021 v3): 100437bb6de6e469b581e61cd66bce3ef4ed53af'
[    1.746782] Loaded X.509 cert 'Canonical Ltd. Secure Boot Signing (Ubuntu Core 2019): c1d57b8f6b743f23ee41f4f7ee292f06eecadfb9'
[    1.755174] zswap: loaded using pool lzo/zbud
[    1.766476] Key type big_key registered
[    1.769567] Key type trusted registered
[    1.775751] Key type encrypted registered
[    1.779482] AppArmor: AppArmor sha1 policy hashing enabled
[    1.783734] ima: No TPM chip found, activating TPM-bypass! (rc=-19)
[    1.788441] ima: Allocated hash algorithm: sha1
[    1.791921] evm: HMAC attrs: 0x1
[    1.795313]   Magic number: 8:512:437
[    1.798875] rtc_cmos rtc_cmos: setting system clock to 2024-01-21 15:24:53 UTC (1705850693)
[    1.805587] BIOS EDD facility v0.16 2004-Jun-25, 0 devices found
[    1.810308] EDD information not available.
[    1.817100] Freeing unused kernel image memory: 2480K
[    1.841332] Write protecting the kernel read-only data: 20480k
[    1.846574] Freeing unused kernel image memory: 2008K
[    1.850646] Freeing unused kernel image memory: 1820K
[    1.860707] x86/mm: Checked W+X mappings: passed, no W+X pages found.
Loading, please wait...
starting version 237
[    1.950103] Fusion MPT base driver 3.04.20
[    1.953824] Copyright (c) 1999-2008 LSI Corporation
[    1.972421] Fusion MPT SPI Host driver 3.04.20
[    1.989026] mptbase: ioc0: Initiating bringup
[    1.994449] SSE version of gcm_enc/dec engaged.
[    2.013896] virtio_net virtio0 enp0s3: renamed from eth0
[    2.111557] ioc0: LSI53C1030 A0: Capabilities={Initiator}
[    2.201226] input: ImExPS/2 Generic Explorer Mouse as /devices/platform/i8042/serio1/input/input4
[    2.374434] scsi host2: ioc0: LSI53C1030 A0, FwRev=00000000h, Ports=1, MaxQ=256, IRQ=20
[    2.553061] scsi 2:0:0:0: Direct-Access     VBOX     HARDDISK         1.0  PQ: 0 ANSI: 5
[    2.596908] scsi target2:0:0: Beginning Domain Validation
[    2.614391] scsi target2:0:0: Domain Validation skipping write tests
[    2.619557] scsi target2:0:0: Ending Domain Validation
[    2.623923] scsi target2:0:0: asynchronous
[    2.629995] scsi 2:0:1:0: Direct-Access     VBOX     HARDDISK         1.0  PQ: 0 ANSI: 5
[    2.664103] scsi target2:0:1: Beginning Domain Validation
[    2.677720] scsi target2:0:1: Domain Validation skipping write tests
[    2.682685] scsi target2:0:1: Ending Domain Validation
[    2.686995] scsi target2:0:1: asynchronous
[    2.702326] sd 2:0:0:0: Attached scsi generic sg0 type 0
[    2.703109] sd 2:0:0:0: [sda] 83886080 512-byte logical blocks: (42.9 GB/40.0 GiB)
[    2.706888] sd 2:0:1:0: Attached scsi generic sg1 type 0
[    2.712936] sd 2:0:0:0: [sda] Write Protect is off
[    2.721096] sd 2:0:0:0: [sda] Incomplete mode parameter data
[    2.721216] sd 2:0:1:0: [sdb] 20480 512-byte logical blocks: (10.5 MB/10.0 MiB)
[    2.724895] sd 2:0:0:0: [sda] Assuming drive cache: write through
[    2.735064] sd 2:0:1:0: [sdb] Write Protect is off
[    2.740288] sd 2:0:1:0: [sdb] Incomplete mode parameter data
[    2.742154]  sda: sda1
[    2.744898] sd 2:0:1:0: [sdb] Assuming drive cache: write through
[    2.756335] sd 2:0:0:0: [sda] Attached SCSI disk
[    2.763642] sd 2:0:1:0: [sdb] Attached SCSI disk
Begin: Loading essential drivers ... [    5.367456] raid6: sse2x1   gen() 210025 MB/s
[   10.366323] raid6: sse2x1   xor() 975027 MB/s
[   10.417778] raid6: sse2x2   gen() 16428 MB/s
[   10.468896] raid6: sse2x2   xor() 10790 MB/s
[   10.520686] raid6: sse2x4   gen() 17759 MB/s
[   10.572454] raid6: sse2x4   xor() 10181 MB/s
[   10.575732] raid6: using algorithm sse2x1 gen() 210025 MB/s
[   10.580096] raid6: .... xor() 975027 MB/s, rmw enabled
[   10.584269] raid6: using ssse3x2 recovery algorithm
[   10.590172] xor: measuring software checksum speed
[   10.696742]    prefetch64-sse: 60427.000 MB/sec
[   10.800365]    generic_sse: 57894.000 MB/sec
[   10.803649] xor: using function: prefetch64-sse (60427.000 MB/sec)
[   10.809976] async_tx: api initialized (async)
done.
Begin: Running /scripts/init-premount ... done.
Begin: Mounting root file system ... Begin: Running /scripts/local-top ... done.
Begin: Running /scripts/local-premount ... [   10.870729] Btrfs loaded, crc32c=crc32c-intel
Scanning for Btrfs filesystems
done.
Warning: fsck not present, so skipping root file system
[   10.917353] EXT4-fs (sda1): mounted filesystem with ordered data mode. Opts: (null)
done.
Begin: Running /scripts/local-bottom ... done.
Begin: Running /scripts/init-bottom ... done.
[   11.138000] ip_tables: (C) 2000-2006 Netfilter Core Team
[   11.159208] systemd[1]: systemd 237 running in system mode. (+PAM +AUDIT +SELINUX +IMA +APPARMOR +SMACK +SYSVINIT +UTMP +LIBCRYPTSETUP +GCRYPT +GNUTLS +ACL +XZ +LZ4 +SECCOMP +BLKID +ELFUTILS +KMOD -IDN2 +IDN -PCRE2 default-hierarchy=hybrid)
[   11.174532] systemd[1]: Detected virtualization oracle.
[   11.178708] systemd[1]: Detected architecture x86-64.

Welcome to [1mUbuntu 18.04.6 LTS[0m!

[   11.207020] systemd[1]: Set hostname to <ubuntu>.
[   11.215466] systemd[1]: Initializing machine ID from random generator.
[   11.220414] systemd[1]: Installed transient /etc/machine-id file.
[   11.521947] systemd[1]: Set up automount Arbitrary Executable File Formats File System Automount Point.
[[0;32m  OK  [0m] Set up automount Arbitrary Executab…rmats File System Automount Point.
[   11.531285] systemd[1]: Started Forward Password Requests to Wall Directory Watch.
[[0;32m  OK  [0m] Started Forward Password Requests to Wall Directory Watch.
[   11.547724] systemd[1]: Created slice User and Session Slice.
[[0;32m  OK  [0m] Created slice User and Session Slice.
[   11.553760] systemd[1]: Reached target Swap.
[[0;32m  OK  [0m] Reached target Swap.
[[0;32m  OK  [0m] Reached target Mounting snaps.
[[0;32m  OK  [0m] Reached target Mounted snaps.
[[0;32m  OK  [0m] Created slice System Slice.
[[0;32m  OK  [0m] Listening on LVM2 metadata daemon socket.
[[0;32m  OK  [0m] Listening on Syslog Socket.
[[0;32m  OK  [0m] Listening on Journal Audit Socket.
[[0;32m  OK  [0m] Reached target Slices.
[[0;32m  OK  [0m] Listening on Network Service Netlink Socket.
[[0;32m  OK  [0m] Listening on udev Kernel Socket.
[[0;32m  OK  [0m] Listening on Journal Socket (/dev/log).
[[0;32m  OK  [0m] Listening on Journal Socket.
         Starting Load Kernel Modules...
         Starting Uncomplicated firewall...
[[0;32m  OK  [0m] Listening on Device-mapper event daemon FIFOs.
         Mounting POSIX Message Queue File System...
[[0;32m  OK  [0m] Listening on udev Control Socket.
         Starting udev Coldplug all Devices...
[   11.599371] Loading iSCSI transport class v2.0-870.
[[0;32m  OK  [0m] Reached target System Time Synchronized.
         Starting Create list of required st…ce nodes for the current kernel...
[[0;32m  OK  [0m] Listening on LVM2 poll daemon socket.
         Mounting Huge Pages File System...
[[0;32m  OK  [0m] Listening on fsck to fsckd communication Socket.
         Starting File System Check on Root Device...
         Mounting Kernel Debug File System...
         Starting Set the console keyboard layout...
         Starting Monitoring of LVM2 mirrors…ng dmeventd or progress polling...
[[0;32m  OK  [0m] Listening on /dev/initctl Compatibility Named Pipe.
[[0;32m  OK  [0m] [   11.638889] iscsi: registered transport (tcp)
Created slice system-serial\x2dgetty.slice.
         Starting Journal Service...
[[0;32m  OK  [0m] Reached target User and Group Name Lookups.
[[0;32m  OK  [0m] Started Uncomplicated firewall.
[[0;32m  OK  [0m] Mounted POSIX Message Queue File System.
[[0;32m  OK  [0m] Started Create list of required sta…vice nodes for the current kernel.
[[0;32m  OK  [0m] Mounted Huge Pages File System.
[[0;32m  OK  [0m] Mounted Kernel Debug File System.
[[0;32m  OK  [0m] Started File System Check Daemon to report status.
         Starting Create Static Device Nodes in /dev...
[[0;32m  OK  [0m] Started udev Coldplug all Devices.
[[0;32m  OK  [0m] Started LVM2 metadata daemon.
[[0;32m  OK  [0m] Started Journal Service.
[   11.755229] iscsi: registered transport (iser)
[[0;32m  OK  [0m] Started Load Kernel Modules.
         Starting Apply Kernel Variables...
         Mounting Kernel Configuration File System...
         Mounting FUSE Control File System...
[[0;32m  OK  [0m] Mounted FUSE Control File System.
[[0;32m  OK  [0m] Mounted Kernel Configuration File System.
[[0;32m  OK  [0m] Started Create Static Device Nodes in /dev.
[[0;32m  OK  [0m] Started File System Check on Root Device.
         Starting Remount Root and Kernel File Systems...
[[0;32m  OK  [0m] Started Monitoring of LVM2 mirrors,…sing dmeventd or progress polling.
[[0;32m  OK  [0m] Started Apply Kernel Variables.
[[0;32m  OK  [0m] Started Remount Root and Kernel File Systems.
         Starting udev Kernel Device Manager...
         Starting Load/Save Random Seed...
         Starting Flush Journal to Persistent Storage...
[[0;32m  OK  [0m] Started Load/Save Random Seed.
[[0;32m  OK  [0m] Started udev Kernel Device Manager.
[[0;32m  OK  [0m] Started Flush Journal to Persistent Storage.
[[0;32m  OK  [0m] Found device /dev/ttyS0.
[[0;32m  OK  [0m] Listening on Load/Save RF Kill Switch Status /dev/rfkill Watch.
[[0;32m  OK  [0m] Started Set the console keyboard layout.
         Mounting Arbitrary Executable File Formats File System...
[[0;32m  OK  [0m] Started Dispatch Password Requests to Console Directory Watch.
[[0;32m  OK  [0m] Reached target Local Encrypted Volumes.
[[0;32m  OK  [0m] Reached target Local File Systems (Pre).
[[0;32m  OK  [0m] Reached target Local File Systems.
         Starting Create Volatile Files and Directories...
         Starting AppArmor initialization...
         Starting ebtables ruleset management...
         Starting Tell Plymouth To Write Out Runtime Data...
         Starting Set console font and keymap...
         Starting Commit a transient machine-id on disk...
[[0;32m  OK  [0m] Started Tell Plymouth To Write Out Runtime Data.
[[0;32m  OK  [0m] Started Create Volatile Files and Directories.
         Starting Update UTMP about System Boot/Shutdown...
[[0;32m  OK  [0m] Mounted Arbitrary Executable File Formats File System.
[[0;32m  OK  [0m] Started Update UTMP about System Boot/Shutdown.
[[0;32m  OK  [0m] Started Commit a transient machine-id on disk.
[[0;32m  OK  [0m] Started ebtables ruleset management.
[[0;32m  OK  [0m] Started AppArmor initialization.
         Starting Load AppArmor profiles managed internally by snapd...
         Starting Initial cloud-init job (pre-networking)...
[[0;32m  OK  [0m] Started Load AppArmor profiles managed internally by snapd.
[[0;32m  OK  [0m] Started Set console font and keymap.
[   14.830151] cloud-init[779]: Cloud-init v. 23.1.2-0ubuntu0~18.04.1 running 'init-local' at Sun, 21 Jan 2024 15:25:06 +0000. Up 14.53 seconds.
[[0;32m  OK  [0m] Started Initial cloud-init job (pre-networking).
[[0;32m  OK  [0m] Reached target Network (Pre).
         Starting Network Service...
[[0;32m  OK  [0m] Started Network Service.
         Starting Network Name Resolution...
         Starting Wait for Network to be Configured...
[[0;32m  OK  [0m] Started Network Name Resolution.
[[0;32m  OK  [0m] Reached target Host and Network Name Lookups.
[[0;32m  OK  [0m] Reached target Network.
[[0;32m  OK  [0m] Started Wait for Network to be Configured.
         Starting Initial cloud-init job (metadata service crawler)...
[   17.275313] cloud-init[932]: Cloud-init v. 23.1.2-0ubuntu0~18.04.1 running 'init' at Sun, 21 Jan 2024 15:25:08 +0000. Up 17.17 seconds.
[   17.281647] cloud-init[932]: ci-info: ++++++++++++++++++++++++++++++++++++++Net device info++++++++++++++++++++++++++++++++++++++
[   17.286845] cloud-init[932]: ci-info: +--------+------+----------------------------+---------------+--------+-------------------+
[   17.292024] cloud-init[932]: ci-info: | Device |  Up  |          Address           |      Mask     | Scope  |     Hw-Address    |
[   17.297471] cloud-init[932]: ci-info: +--------+------+----------------------------+---------------+--------+-------------------+
[   17.303791] cloud-init[932]: ci-info: | enp0s3 | True |         10.0.2.15          | 255.255.255.0 | global | 02:3b:7b:b7:3b:2d |
[   17.309264] cloud-init[932]: ci-info: | enp0s3 | True | fe80::3b:7bff:feb7:3b2d/64 |       .       |  link  | 02:3b:7b:b7:3b:2d |
[   17.314814] cloud-init[932]: ci-info: |   lo   | True |         127.0.0.1          |   255.0.0.0   |  host  |         .         |
[   17.320294] cloud-init[932]: ci-info: |   lo   | True |          ::1/128           |       .       |  host  |         .         |
[   17.325188] cloud-init[932]: ci-info: +--------+------+----------------------------+---------------+--------+-------------------+
[   17.330401] cloud-init[932]: ci-info: ++++++++++++++++++++++++++++Route IPv4 info+++++++++++++++++++++++++++++
[   17.336414] cloud-init[932]: ci-info: +-------+-------------+----------+-----------------+-----------+-------+
[   17.342597] cloud-init[932]: ci-info: | Route | Destination | Gateway  |     Genmask     | Interface | Flags |
[   17.345846] cloud-init[932]: ci-info: +-------+-------------+----------+-----------------+-----------+-------+
[   17.348314] cloud-init[932]: ci-info: |   0   |   0.0.0.0   | 10.0.2.2 |     0.0.0.0     |   enp0s3  |   UG  |
[   17.350779] cloud-init[932]: ci-info: |   1   |   10.0.2.0  | 0.0.0.0  |  255.255.255.0  |   enp0s3  |   U   |
[   17.353361] cloud-init[932]: ci-info: |   2   |   10.0.2.2  | 0.0.0.0  | 255.255.255.255 |   enp0s3  |   UH  |
[   17.355784] cloud-init[932]: ci-info: +-------+-------------+----------+-----------------+-----------+-------+
[   17.358308] cloud-init[932]: ci-info: +++++++++++++++++++Route IPv6 info+++++++++++++++++++
[   17.360411] cloud-init[932]: ci-info: +-------+-------------+---------+-----------+-------+
[   17.363157] cloud-init[932]: ci-info: | Route | Destination | Gateway | Interface | Flags |
[   17.365351] cloud-init[932]: ci-info: +-------+-------------+---------+-----------+-------+
[   17.367496] cloud-init[932]: ci-info: |   1   |  fe80::/64  |    ::   |   enp0s3  |   U   |
[   17.369907] cloud-init[932]: ci-info: |   3   |    local    |    ::   |   enp0s3  |   U   |
[   17.372151] cloud-init[932]: ci-info: |   4   |   ff00::/8  |    ::   |   enp0s3  |   U   |
[   17.374979] cloud-init[932]: ci-info: +-------+-------------+---------+-----------+-------+
[   18.141482] cloud-init[932]: Generating public/private rsa key pair.
[   18.143329] cloud-init[932]: Your identification has been saved in /etc/ssh/ssh_host_rsa_key.
[   18.146398] cloud-init[932]: Your public key has been saved in /etc/ssh/ssh_host_rsa_key.pub.
[   18.148830] cloud-init[932]: The key fingerprint is:
[   18.150276] cloud-init[932]: SHA256:s9XvzkRoxusQwpKTjC3L2jCRLNozX6AjZrmC1aX4lEU root@ubuntu-bionic
[   18.152704] cloud-init[932]: The key's randomart image is:
[   18.154052] cloud-init[932]: +---[RSA 2048]----+
[   18.155187] cloud-init[932]: |                 |
[   18.156699] cloud-init[932]: |      E          |
[   18.157874] cloud-init[932]: |     .           |
[   18.159154] cloud-init[932]: | . . +o+   o .   |
[   18.160737] cloud-init[932]: |. +o+=B S o * .  |
[   18.162130] cloud-init[932]: |.o++=+ o = + +   |
[   18.163444] cloud-init[932]: |+=Ooo . . . . o  |
[   18.164742] cloud-init[932]: |=..X..     o +   |
[   18.166010] cloud-init[932]: |... o       ..+  |
[   18.167330] cloud-init[932]: +----[SHA256]-----+
[   18.168637] cloud-init[932]: Generating public/private dsa key pair.
[   18.170191] cloud-init[932]: Your identification has been saved in /etc/ssh/ssh_host_dsa_key.
[   18.172598] cloud-init[932]: Your public key has been saved in /etc/ssh/ssh_host_dsa_key.pub.
[   18.174779] cloud-init[932]: The key fingerprint is:
[   18.176346] cloud-init[932]: SHA256:GGCfbvAIj2qSeI8esuU7Qr3jpavHB+3vxhetRmFI/ng root@ubuntu-bionic
[   18.178738] cloud-init[932]: The key's randomart image is:
[   18.180580] cloud-init[932]: +---[DSA 1024]----+
[   18.181877] cloud-init[932]: |    o            |
[   18.183172] cloud-init[932]: |   . o o         |
[   18.184563] cloud-init[932]: |  . . * .        |
[   18.185981] cloud-init[932]: |   + = = o       |
[   18.187253] cloud-init[932]: |  o + = S o      |
[   18.188922] cloud-init[932]: |.+ o o . E .     |
[   18.190418] cloud-init[932]: |B.= +.. o o      |
[   18.191712] cloud-init[932]: |+*.Ooo o +       |
[   18.192999] cloud-init[932]: |.+O*= +oo        |
[   18.194280] cloud-init[932]: +----[SHA256]-----+
[   18.195573] cloud-init[932]: Generating public/private ecdsa key pair.
[   18.197318] cloud-init[932]: Your identification has been saved in /etc/ssh/ssh_host_ecdsa_key.
[   18.199576] cloud-init[932]: Your public key has been saved in /etc/ssh/ssh_host_ecdsa_key.pub.
[   18.201821] cloud-init[932]: The key fingerprint is:
[   18.203200] cloud-init[932]: SHA256:yp17geHTbHL8pl0kaktMwnQI1Vw0q6cFT7xhBJMHNdk root@ubuntu-bionic
[   18.205547] cloud-init[932]: The key's randomart image is:
[   18.206946] cloud-init[932]: +---[ECDSA 256]---+
[   18.208358] cloud-init[932]: |      ...o+BBo   |
[   18.209681] cloud-init[932]: |       . .++o+E  |
[   18.211027] cloud-init[932]: |        o o.*    |
[   18.212425] cloud-init[932]: |       o.. * o   |
[   18.213738] cloud-init[932]: |       .S*o * .  |
[   18.214976] cloud-init[932]: |     . o==B= o   |
[   18.216506] cloud-init[932]: |      o o=*o  .  |
[   18.218071] cloud-init[932]: |         +.oo.   |
[   18.219451] cloud-init[932]: |        ..oo.    |
[   18.221013] cloud-init[932]: +----[SHA256]-----+
[   18.222394] cloud-init[932]: Generating public/private ed25519 key pair.
[   18.224326] cloud-init[932]: Your identification has been saved in /etc/ssh/ssh_host_ed25519_key.
[   18.226895] cloud-init[932]: Your public key has been saved in /etc/ssh/ssh_host_ed25519_key.pub.
[   18.229249] cloud-init[932]: The key fingerprint is:
[   18.230502] cloud-init[932]: SHA256:nCiJHKhIMzybRNr09bcBbxYwA5dKLrVk0m/ox9tblHg root@ubuntu-bionic
[   18.232838] cloud-init[932]: The key's randomart image is:
[   18.234137] cloud-init[932]: +--[ED25519 256]--+
[   18.235427] cloud-init[932]: | ..  .o.*o.      |
[   18.236783] cloud-init[932]: |++ ...*o.= .     |
[   18.238018] cloud-init[932]: |oBo .B =. *      |
[   18.239265] cloud-init[932]: |=.*o..=oo= + .   |
[   18.240598] cloud-init[932]: |ooo oo.oS o E    |
[   18.241876] cloud-init[932]: |     .. o  o     |
[   18.243071] cloud-init[932]: |       . o  .    |
[   18.244247] cloud-init[932]: |        . ..     |
[   18.245510] cloud-init[932]: |          ..     |
[   18.246813] cloud-init[932]: +----[SHA256]-----+
[[0;32m  OK  [0m] Started Initial cloud-init job (metadata service crawler).
[[0;32m  OK  [0m] Reached target Cloud-config availability.
[[0;32m  OK  [0m] Reached target Network is Online.
         Starting Availability of block devices...
[[0;32m  OK  [0m] Reached target Remote File Systems (Pre).
[[0;32m  OK  [0m] Reached target Remote File Systems.
[[0;32m  OK  [0m] Reached target System Initialization.
[[0;32m  OK  [0m] Started Ubuntu Advantage Timer for running repeated jobs.
[[0;32m  OK  [0m] Started Daily Cleanup of Temporary Directories.
         Starting Socket activation for snappy daemon.
[[0;32m  OK  [0m] Listening on cloud-init hotplug hook socket.
[[0;32m  OK  [0m] Started Daily apt download activities.
[[0;32m  OK  [0m] Started Daily apt upgrade and clean activities.
[[0;32m  OK  [0m] Listening on Open-iSCSI iscsid Socket.
[[0;32m  OK  [0m] Started Discard unused blocks once a week.
[[0;32m  OK  [0m] Started Message of the Day.
[[0;32m  OK  [0m] Reached target Timers.
         Starting LXD - unix socket.
[[0;32m  OK  [0m] Listening on UUID daemon activation socket.
[[0;32m  OK  [0m] Started ACPI Events Check.
[[0;32m  OK  [0m] Reached target Paths.
[[0;32m  OK  [0m] Listening on D-Bus System Message Bus Socket.
[[0;32m  OK  [0m] Listening on ACPID Listen Socket.
[[0;32m  OK  [0m] Started Availability of block devices.
[[0;32m  OK  [0m] Listening on Socket activation for snappy daemon.
[[0;32m  OK  [0m] Listening on LXD - unix socket.
[[0;32m  OK  [0m] Reached target Sockets.
[[0;32m  OK  [0m] Reached target Basic System.
[[0;32m  OK  [0m] Started irqbalance daemon.
[[0;32m  OK  [0m] Started FUSE filesystem for LXC.
         Starting Login Service...
         Starting Permit User Sessions...
[[0;32m  OK  [0m] Started Regular background program processing daemon.
[[0;32m  OK  [0m] Started D-Bus System Message Bus.
[[0;32m  OK  [0m] Started Login Service.
[[0;32m  OK  [0m] Started Deferred execution scheduler.
         Starting LXD - container startup/shutdown...
[[0;32m  OK  [0m] Started Unattended Upgrades Shutdown.
         Starting LSB: automatic crash report generation...
         Starting Accounts Service...
[[0;32m  OK  [0m] Reached target Login Prompts (Pre).
         Starting Pollinate to seed the pseudo random number generator...
         Starting System Logging Service...
         Starting LSB: Record successful boot for GRUB...
         Starting Virtualbox guest utils...
         Starting Dispatcher daemon for systemd-networkd...
         Starting Snap Daemon...
[[0;32m  OK  [0m] Started System Logging Service.
[[0;32m  OK  [0m] Started Permit User Sessions.
[[0;32m  OK  [0m] Started LXD - container startup/shutdown.
         Starting Authorization Manager...
         Starting Hold until boot process finishes up...
         Starting Terminate Plymouth Boot Screen...
[[0;32m  OK  [0m] Started Hold until boot process finishes up.
[[0;32m  OK  [0m] Started Serial Getty on ttyS0.
         Starting Set console scheme...
[[0;32m  OK  [0m] Started Terminate Plymouth Boot Screen.
[[0;32m  OK  [0m] Started LSB: automatic crash report generation.
[[0;32m  OK  [0m] Started Set console scheme.
[[0;32m  OK  [0m] Created slice system-getty.slice.
[[0;32m  OK  [0m] Started Getty on tty1.
[[0;32m  OK  [0m] Reached target Login Prompts.
[[0;32m  OK  [0m] Started Authorization Manager.
[[0;32m  OK  [0m] Started Accounts Service.
[[0;32m  OK  [0m] Started LSB: Record successful boot for GRUB.
[[0;32m  OK  [0m] Started Dispatcher daemon for systemd-networkd.
[[0;32m  OK  [0m] Started Virtualbox guest utils.
[[0;32m  OK  [0m] Started Snap Daemon.
         Starting Wait until snapd is fully seeded...
[[0;32m  OK  [0m] Started Pollinate to seed the pseudo random number generator.
         Starting OpenBSD Secure Shell server...
[[0;32m  OK  [0m] Started OpenBSD Secure Shell server.
[[0;32m  OK  [0m] Created slice User Slice of vagrant.
         Starting User Manager for UID 1000...
[[0;32m  OK  [0m] Started Session 1 of user vagrant.
[[0;32m  OK  [0m] Started User Manager for UID 1000.
         Starting Time & Date Service...
[[0;32m  OK  [0m] Started Time & Date Service.
[[0;32m  OK  [0m] Started Wait until snapd is fully seeded.
         Starting Apply the settings specified in cloud-config...
[   22.527496] cloud-init[1619]: Cloud-init v. 23.1.2-0ubuntu0~18.04.1 running 'modules:config' at Sun, 21 Jan 2024 15:25:13 +0000. Up 22.22 seconds.
[[0;32m  OK  [0m] Started Apply the settings specified in cloud-config.
[[0;32m  OK  [0m] Reached target Multi-User System.
[[0;32m  OK  [0m] Reached target Graphical Interface.
         Starting Update UTMP about System Runlevel Changes...
         Starting Execute cloud user/final scripts...
[[0;32m  OK  [0m] Started Update UTMP about System Runlevel Changes.
ci-info: no authorized SSH keys fingerprints found for user ubuntu.
<14>Jan 21 15:25:14 cloud-init: #############################################################
<14>Jan 21 15:25:14 cloud-init: -----BEGIN SSH HOST KEY FINGERPRINTS-----
<14>Jan 21 15:25:14 cloud-init: 1024 SHA256:GGCfbvAIj2qSeI8esuU7Qr3jpavHB+3vxhetRmFI/ng root@ubuntu-bionic (DSA)
<14>Jan 21 15:25:14 cloud-init: 256 SHA256:yp17geHTbHL8pl0kaktMwnQI1Vw0q6cFT7xhBJMHNdk root@ubuntu-bionic (ECDSA)
<14>Jan 21 15:25:14 cloud-init: 256 SHA256:nCiJHKhIMzybRNr09bcBbxYwA5dKLrVk0m/ox9tblHg root@ubuntu-bionic (ED25519)
<14>Jan 21 15:25:14 cloud-init: 2048 SHA256:s9XvzkRoxusQwpKTjC3L2jCRLNozX6AjZrmC1aX4lEU root@ubuntu-bionic (RSA)
<14>Jan 21 15:25:14 cloud-init: -----END SSH HOST KEY FINGERPRINTS-----
<14>Jan 21 15:25:14 cloud-init: #############################################################
-----BEGIN SSH HOST KEY KEYS-----
ecdsa-sha2-nistp256 AAAAE2VjZHNhLXNoYTItbmlzdHAyNTYAAAAIbmlzdHAyNTYAAABBBHvnJDz/xbbWQU/ugl/go5mJERLg3uMNPeuZ0jlW4suYPFj+M/EAg5kzTrzqwO/HCYkMOowcPz2D5Lfs5LD0zSY= root@ubuntu-bionic
ssh-ed25519 AAAAC3NzaC1lZDI1NTE5AAAAIBi0f9zUDJanRgEBQSOomjpCxt4m71mT72bKrFYl0h5n root@ubuntu-bionic
ssh-rsa AAAAB3NzaC1yc2EAAAADAQABAAABAQC2MC8X7aM6atVmbUA7ikXbH33N35IBMyGIA1eCmLGKPnYHt/mjV6v+9mO3ft4PrlP7RU/8GDZb7kdHYgwD9E+GaCJEEzN5aDf+1J3gOcZWTh61JrooGU7wtNwrK9amnlkx5ujDeN3DhdKHaxN2LZ5yjS8/gPozqVvN/KDB2owhZUNYtsrhnMKGh9fwewhNnUq6GPjIkaaa3XHWblwyWWQVwLgj7kR+oIMakOQZ6/QqozqTYPdufuNiEbgMCW9jMOlzskC0WKkZh3m2ttqhigY+uKO1HdZqOzq2L+iRQoydsTlmHIrbPvq1lmKkkVqRXJZV62IqFdj7SE5ikebNKhJl root@ubuntu-bionic
-----END SSH HOST KEY KEYS-----
[   23.151978] cloud-init[1740]: Cloud-init v. 23.1.2-0ubuntu0~18.04.1 running 'modules:final' at Sun, 21 Jan 2024 15:25:14 +0000. Up 22.95 seconds.
[   23.157119] cloud-init[1740]: Cloud-init v. 23.1.2-0ubuntu0~18.04.1 finished at Sun, 21 Jan 2024 15:25:14 +0000. Datasource DataSourceNoCloud [seed=/dev/sdb][dsmode=net].  Up 23.14 seconds
[[0;32m  OK  [0m] Started Execute cloud user/final scripts.
[[0;32m  OK  [0m] Reached target Cloud-init target.

Ubuntu 18.04.6 LTS ubuntu-bionic ttyS0

ubuntu-bionic login: 